{
  level: 'info',
  message: 'Connected to 8909',
  timestamp: '2020-06-02T17:59:31.558Z'
}
{
  message: '0 *** error',
  level: 'error',
  timestamp: '2020-06-02T17:59:31.560Z'
}
{
  message: '1 *** warning',
  level: 'warn',
  timestamp: '2020-06-02T17:59:31.561Z'
}
{
  message: '2 *** informational',
  level: 'info',
  timestamp: '2020-06-02T17:59:31.561Z'
}
{
  level: 'info',
  message: 'Connected to 8909',
  timestamp: '2020-06-03T08:31:23.189Z'
}
{
  message: '0 *** error',
  level: 'error',
  timestamp: '2020-06-03T08:31:23.192Z'
}
{
  message: '1 *** warning',
  level: 'warn',
  timestamp: '2020-06-03T08:31:23.192Z'
}
{
  message: '2 *** informational',
  level: 'info',
  timestamp: '2020-06-03T08:31:23.193Z'
}
{
  level: 'info',
  message: 'Connected to 8909',
  timestamp: '2020-06-03T08:31:46.377Z'
}
{
  message: '0 *** error',
  level: 'error',
  timestamp: '2020-06-03T08:31:46.380Z'
}
{
  message: '1 *** warning',
  level: 'warn',
  timestamp: '2020-06-03T08:31:46.381Z'
}
{
  message: '2 *** informational',
  level: 'info',
  timestamp: '2020-06-03T08:31:46.381Z'
}
